2025-08-02T03:36:20.301Z - 卡片按钮点击: {
  "timestamp": "2025-08-02T03:36:20.300Z",
  "buttonValue": {
    "key": "confirm"
  },
  "userId": "c5bf39fa",
  "chatId": "oc_e55d91081dddae90bd877294a437ed2e",
  "action": {
    "value": {
      "key": "confirm"
    },
    "tag": "button"
  },
  "eventType": "card_interaction"
}
2025-08-02T03:36:22.589Z - 卡片按钮点击: {
  "timestamp": "2025-08-02T03:36:22.589Z",
  "buttonValue": {
    "key": "confirm"
  },
  "userId": "c5bf39fa",
  "chatId": "oc_e55d91081dddae90bd877294a437ed2e",
  "action": {
    "value": {
      "key": "confirm"
    },
    "tag": "button"
  },
  "eventType": "card_interaction"
}
2025-08-02T03:36:24.727Z - 卡片按钮点击: {
  "timestamp": "2025-08-02T03:36:24.727Z",
  "buttonValue": {
    "key": "cancel"
  },
  "userId": "c5bf39fa",
  "chatId": "oc_e55d91081dddae90bd877294a437ed2e",
  "action": {
    "value": {
      "key": "cancel"
    },
    "tag": "button"
  },
  "eventType": "card_interaction"
}
2025-08-02T03:36:26.675Z - 卡片按钮点击: {
  "timestamp": "2025-08-02T03:36:26.675Z",
  "buttonValue": {
    "key": "primary"
  },
  "userId": "c5bf39fa",
  "chatId": "oc_e55d91081dddae90bd877294a437ed2e",
  "action": {
    "value": {
      "key": "primary"
    },
    "tag": "button"
  },
  "eventType": "card_interaction"
}
2025-08-02T03:36:29.010Z - 卡片按钮点击: {
  "timestamp": "2025-08-02T03:36:29.010Z",
  "buttonValue": {
    "key": "secondary"
  },
  "userId": "c5bf39fa",
  "chatId": "oc_e55d91081dddae90bd877294a437ed2e",
  "action": {
    "value": {
      "key": "secondary"
    },
    "tag": "button"
  },
  "eventType": "card_interaction"
}
2025-08-02T03:43:49.786Z - 卡片按钮点击: {
  "timestamp": "2025-08-02T03:43:49.785Z",
  "buttonValue": {
    "key": "secondary"
  },
  "userId": "c5bf39fa",
  "chatId": "oc_e55d91081dddae90bd877294a437ed2e",
  "action": {
    "value": {
      "key": "secondary"
    },
    "tag": "button"
  },
  "eventType": "card_interaction"
}
2025-08-02T03:43:56.325Z - 卡片按钮点击: {
  "timestamp": "2025-08-02T03:43:56.325Z",
  "buttonValue": {
    "a": "111222"
  },
  "userId": "c5bf39fa",
  "chatId": "oc_e55d91081dddae90bd877294a437ed2e",
  "action": {
    "value": {
      "a": "111222"
    },
    "tag": "button"
  },
  "eventType": "card_interaction"
}
2025-08-02T03:47:57.064Z - 卡片按钮点击: {
  "timestamp": "2025-08-02T03:47:57.064Z",
  "buttonValue": {
    "key": "primary"
  },
  "userId": "c5bf39fa",
  "chatId": "oc_e55d91081dddae90bd877294a437ed2e",
  "action": {
    "value": {
      "key": "primary"
    },
    "tag": "button"
  },
  "eventType": "card_interaction"
}
2025-08-02T03:48:01.876Z - 卡片按钮点击: {
  "timestamp": "2025-08-02T03:48:01.876Z",
  "buttonValue": {
    "key": "secondary"
  },
  "userId": "c5bf39fa",
  "chatId": "oc_e55d91081dddae90bd877294a437ed2e",
  "action": {
    "value": {
      "key": "secondary"
    },
    "tag": "button"
  },
  "eventType": "card_interaction"
}
2025-08-02T03:48:06.383Z - 卡片按钮点击: {
  "timestamp": "2025-08-02T03:48:06.383Z",
  "buttonValue": {
    "key": "confirm"
  },
  "userId": "c5bf39fa",
  "chatId": "oc_e55d91081dddae90bd877294a437ed2e",
  "action": {
    "value": {
      "key": "confirm"
    },
    "tag": "button"
  },
  "eventType": "card_interaction"
}
2025-08-02T03:50:59.377Z - 卡片按钮点击: {
  "timestamp": "2025-08-02T03:50:59.376Z",
  "buttonValue": {
    "key": "primary"
  },
  "userId": "c5bf39fa",
  "chatId": "oc_e55d91081dddae90bd877294a437ed2e",
  "action": {
    "value": {
      "key": "primary"
    },
    "tag": "button"
  },
  "eventType": "card_interaction"
}
2025-08-02T03:51:55.535Z - 卡片按钮点击: {
  "timestamp": "2025-08-02T03:51:55.535Z",
  "buttonValue": {
    "key": "confirm"
  },
  "userId": "c5bf39fa",
  "chatId": "oc_e55d91081dddae90bd877294a437ed2e",
  "action": {
    "value": {
      "key": "confirm"
    },
    "tag": "button"
  },
  "eventType": "card_interaction"
}
2025-08-02T03:51:57.592Z - 卡片按钮点击: {
  "timestamp": "2025-08-02T03:51:57.592Z",
  "buttonValue": {
    "key": "confirm"
  },
  "userId": "c5bf39fa",
  "chatId": "oc_e55d91081dddae90bd877294a437ed2e",
  "action": {
    "value": {
      "key": "confirm"
    },
    "tag": "button"
  },
  "eventType": "card_interaction"
}
2025-08-02T03:51:59.508Z - 卡片按钮点击: {
  "timestamp": "2025-08-02T03:51:59.508Z",
  "buttonValue": {
    "key": "cancel"
  },
  "userId": "c5bf39fa",
  "chatId": "oc_e55d91081dddae90bd877294a437ed2e",
  "action": {
    "value": {
      "key": "cancel"
    },
    "tag": "button"
  },
  "eventType": "card_interaction"
}
2025-08-02T03:52:01.365Z - 卡片按钮点击: {
  "timestamp": "2025-08-02T03:52:01.364Z",
  "buttonValue": {
    "key": "primary"
  },
  "userId": "c5bf39fa",
  "chatId": "oc_e55d91081dddae90bd877294a437ed2e",
  "action": {
    "value": {
      "key": "primary"
    },
    "tag": "button"
  },
  "eventType": "card_interaction"
}
2025-08-02T03:52:03.320Z - 卡片按钮点击: {
  "timestamp": "2025-08-02T03:52:03.320Z",
  "buttonValue": {
    "key": "secondary"
  },
  "userId": "c5bf39fa",
  "chatId": "oc_e55d91081dddae90bd877294a437ed2e",
  "action": {
    "value": {
      "key": "secondary"
    },
    "tag": "button"
  },
  "eventType": "card_interaction"
}
2025-08-02T13:48:10.530Z - 卡片按钮点击: {
  "timestamp": "2025-08-02T13:48:10.529Z",
  "buttonValue": {
    "key": "confirm"
  },
  "userId": "c5bf39fa",
  "chatId": "oc_e55d91081dddae90bd877294a437ed2e",
  "action": {
    "value": {
      "key": "confirm"
    },
    "tag": "button",
    "option": "A"
  },
  "eventType": "card_interaction"
}
2025-08-02T13:48:12.436Z - 卡片按钮点击: {
  "timestamp": "2025-08-02T13:48:12.436Z",
  "buttonValue": {
    "key": "confirm"
  },
  "userId": "c5bf39fa",
  "chatId": "oc_e55d91081dddae90bd877294a437ed2e",
  "action": {
    "value": {
      "key": "confirm"
    },
    "tag": "button"
  },
  "eventType": "card_interaction"
}
2025-08-02T13:48:14.341Z - 卡片按钮点击: {
  "timestamp": "2025-08-02T13:48:14.341Z",
  "buttonValue": {
    "key": "cancel"
  },
  "userId": "c5bf39fa",
  "chatId": "oc_e55d91081dddae90bd877294a437ed2e",
  "action": {
    "value": {
      "key": "cancel"
    },
    "tag": "button"
  },
  "eventType": "card_interaction"
}
2025-08-02T13:48:16.202Z - 卡片按钮点击: {
  "timestamp": "2025-08-02T13:48:16.202Z",
  "buttonValue": {
    "key": "primary"
  },
  "userId": "c5bf39fa",
  "chatId": "oc_e55d91081dddae90bd877294a437ed2e",
  "action": {
    "value": {
      "key": "primary"
    },
    "tag": "button"
  },
  "eventType": "card_interaction"
}
2025-08-02T13:48:18.082Z - 卡片按钮点击: {
  "timestamp": "2025-08-02T13:48:18.082Z",
  "buttonValue": {
    "key": "secondary"
  },
  "userId": "c5bf39fa",
  "chatId": "oc_e55d91081dddae90bd877294a437ed2e",
  "action": {
    "value": {
      "key": "secondary"
    },
    "tag": "button"
  },
  "eventType": "card_interaction"
}
2025-08-03T13:47:04.145Z - 卡片按钮点击: {
  "timestamp": "2025-08-03T13:47:04.145Z",
  "buttonValue": {
    "key": "test"
  },
  "userId": "c5bf39fa",
  "chatId": "oc_e55d91081dddae90bd877294a437ed2e",
  "action": {
    "value": {
      "key": "test"
    },
    "tag": "button"
  },
  "eventType": "card_interaction"
}
2025-08-03T13:50:38.122Z - 卡片按钮点击: {
  "timestamp": "2025-08-03T13:50:38.122Z",
  "buttonValue": {
    "key": "confirm"
  },
  "userId": "c5bf39fa",
  "chatId": "oc_e55d91081dddae90bd877294a437ed2e",
  "action": {
    "value": {
      "key": "confirm"
    },
    "tag": "button"
  },
  "eventType": "card_interaction"
}
