2025-08-02T03:36:21.569Z - Toast 提醒: 操作已确认 -> 用户: c5bf39fa
2025-08-02T03:36:23.719Z - Toast 提醒: 操作已确认 -> 用户: c5bf39fa
2025-08-02T03:36:25.669Z - Toast 提醒: 操作已取消 -> 用户: c5bf39fa
2025-08-02T03:36:28.003Z - Toast 提醒: 主要操作执行中 -> 用户: c5bf39fa
2025-08-02T03:36:30.169Z - Toast 提醒: 次要操作执行中 -> 用户: c5bf39fa
2025-08-02T03:43:50.691Z - Toast 提醒: 次要操作执行中 -> 用户: c5bf39fa
2025-08-02T03:43:57.376Z - Toast 提醒: 按钮点击成功 -> 用户: c5bf39fa
2025-08-02T03:47:57.970Z - Toast 提醒: 主要操作执行中 -> 用户: c5bf39fa
2025-08-02T03:48:02.864Z - Toast 提醒: 次要操作执行中 -> 用户: c5bf39fa
2025-08-02T03:48:07.303Z - Toast 提醒: 操作已确认 -> 用户: c5bf39fa
2025-08-02T03:51:00.273Z - Toast 提醒: 主要操作执行中 -> 用户: c5bf39fa
2025-08-02T03:51:56.582Z - Toast 提醒: 操作已确认 -> 用户: c5bf39fa
2025-08-02T03:51:58.500Z - Toast 提醒: 操作已确认 -> 用户: c5bf39fa
2025-08-02T03:52:00.358Z - Toast 提醒: 操作已取消 -> 用户: c5bf39fa
2025-08-02T03:52:02.314Z - Toast 提醒: 主要操作执行中 -> 用户: c5bf39fa
2025-08-02T03:52:04.179Z - Toast 提醒: 次要操作执行中 -> 用户: c5bf39fa
2025-08-02T13:48:11.425Z - Toast 提醒: 操作已确认 -> 用户: c5bf39fa
2025-08-02T13:48:13.336Z - Toast 提醒: 操作已确认 -> 用户: c5bf39fa
2025-08-02T13:48:15.195Z - Toast 提醒: 操作已取消 -> 用户: c5bf39fa
2025-08-02T13:48:17.077Z - Toast 提醒: 主要操作执行中 -> 用户: c5bf39fa
2025-08-02T13:48:19.041Z - Toast 提醒: 次要操作执行中 -> 用户: c5bf39fa
2025-08-03T13:47:05.923Z - Toast 提醒: 测试操作成功 -> 用户: c5bf39fa
2025-08-03T13:50:39.639Z - Toast 提醒: 操作已确认 -> 用户: c5bf39fa
