[2025-09-03T23:19:10.224Z] [INFO] 收到 SIGTERM 信号，正在关闭服务器...
[2025-09-03T23:19:10.255Z] [INFO] 收到 SIGTERM 信号，正在关闭服务器...
[2025-09-03T23:19:10.289Z] [INFO] 服务器已关闭
[2025-09-03T23:19:16.845Z] [INFO] 🚀 服务器运行在端口 3000
[2025-09-03T23:19:16.846Z] [INFO] 📡 Webhook地址: http://localhost:3000/webhook
[2025-09-03T23:19:16.846Z] [INFO] 💚 健康检查: http://localhost:3000/health
[2025-09-03T23:19:16.846Z] [INFO] 📝 日志文件: /Users/wangzhiyuan/Documents/selfspace/feishu/logs
[2025-09-03T23:19:36.019Z] [INFO] 收到 SIGTERM 信号，正在关闭服务器...
[2025-09-03T23:19:36.068Z] [INFO] 收到 SIGTERM 信号，正在关闭服务器...
[2025-09-03T23:19:36.105Z] [INFO] 服务器已关闭
[2025-09-03T23:19:42.249Z] [INFO] 🚀 服务器运行在端口 3000
[2025-09-03T23:19:42.249Z] [INFO] 📡 Webhook地址: http://localhost:3000/webhook
[2025-09-03T23:19:42.250Z] [INFO] 💚 健康检查: http://localhost:3000/health
[2025-09-03T23:19:42.250Z] [INFO] 📝 日志文件: /Users/wangzhiyuan/Documents/selfspace/feishu/logs
[2025-09-03T23:59:31.035Z] [INFO] 收到 SIGTERM 信号，正在关闭服务器...
[2025-09-03T23:59:31.036Z] [INFO] 服务器已关闭
[2025-09-03T23:59:38.946Z] [INFO] 🚀 服务器运行在端口 3000
[2025-09-03T23:59:38.947Z] [INFO] 📡 Webhook地址: http://localhost:3000/webhook
[2025-09-03T23:59:38.948Z] [INFO] 💚 健康检查: http://localhost:3000/health
[2025-09-03T23:59:38.948Z] [INFO] 📝 日志文件: /Users/wangzhiyuan/Documents/selfspace/feishu/logs
